\BOOKMARK [0][-]{chapter.1}{\376\377\000I\000n\000t\000r\000o\000d\000u\000c\000t\000i\000o\000n}{}% 1
\BOOKMARK [0][-]{chapter.2}{\376\377\000C\000o\000n\000s\000t\000r\000u\000c\000t\000i\000o\000n}{}% 2
\BOOKMARK [1][-]{section.2.1}{\376\377\000C\000o\000m\000p\000o\000n\000e\000n\000t\000\040\000L\000i\000s\000t}{chapter.2}% 3
\BOOKMARK [1][-]{section.2.2}{\376\377\000M\000o\000d\000i\000f\000i\000c\000a\000t\000i\000o\000n\000s}{chapter.2}% 4
\BOOKMARK [2][-]{subsection.2.2.1}{\376\377\000B\000o\000a\000r\000d\000\040\000M\000o\000d\000i\000f\000i\000c\000a\000t\000i\000o\000n\000s}{section.2.2}% 5
\BOOKMARK [2][-]{subsection.2.2.2}{\376\377\000U\000s\000i\000n\000g\000\040\0002\0007\0001\0006\000\040\000E\000P\000R\000O\000M\000S}{section.2.2}% 6
\BOOKMARK [2][-]{subsection.2.2.3}{\376\377\000A\000d\000d\000i\000n\000g\000\040\000t\000h\000e\000\040\000R\000S\0002\0003\0002\000\040\000I\000n\000t\000e\000r\000f\000a\000c\000e}{section.2.2}% 7
\BOOKMARK [1][-]{section.2.3}{\376\377\000M\000o\000n\000i\000t\000o\000r\000\040\000M\000a\000p\000p\000i\000n\000g}{chapter.2}% 8
\BOOKMARK [2][-]{subsection.2.3.1}{\376\377\000O\000v\000e\000r\000v\000i\000e\000w}{section.2.3}% 9
\BOOKMARK [2][-]{subsection.2.3.2}{\376\377\000D\000e\000c\000o\000d\000i\000n\000g}{section.2.3}% 10
\BOOKMARK [2][-]{subsection.2.3.3}{\376\377\000S\000Y\000N\000M\000O\000N\000\040\000p\000a\000g\000e\000\040\000l\000a\000y\000o\000u\000t}{section.2.3}% 11
\BOOKMARK [2][-]{subsection.2.3.4}{\376\377\000S\000Y\000N\0006\0000\0000\000\040\000-\000\040\000p\000a\000g\000e\000\040\000l\000a\000y\000o\000u\000t}{section.2.3}% 12
\BOOKMARK [2][-]{subsection.2.3.5}{\376\377\0006\0005\000A\000-\0006\0005\000A\000B\000\040\000S\000e\000r\000i\000a\000l\000\040\000S\000y\000s\000t\000e\000m\000\040\000-\000\040\000p\000a\000g\000e\000\040\000l\000a\000y\000o\000u\000t}{section.2.3}% 13
\BOOKMARK [0][-]{chapter.3}{\376\377\000C\000a\000l\000i\000b\000r\000a\000t\000i\000o\000n}{}% 14
\BOOKMARK [1][-]{section.3.1}{\376\377\000R\0001\0007\000\040\000T\000X\000\040\000C\000l\000o\000c\000k}{chapter.3}% 15
\BOOKMARK [1][-]{section.3.2}{\376\377\000T\000a\000p\000e\000\040\000P\000u\000l\000s\000e\000\040\000D\000u\000r\000a\000t\000i\000o\000n}{chapter.3}% 16
\BOOKMARK [1][-]{section.3.3}{\376\377\000M\000e\000m\000o\000r\000y\000\040\000I\000C\000\040\000A\000l\000l\000o\000c\000a\000t\000i\000o\000n}{chapter.3}% 17
\BOOKMARK [0][-]{chapter.4}{\376\377\000I\000n\000t\000e\000r\000f\000a\000c\000e\000s}{}% 18
\BOOKMARK [1][-]{section.4.1}{\376\377\000C\000o\000n\000n\000e\000c\000t\000o\000r\000s}{chapter.4}% 19
\BOOKMARK [2][-]{subsection.4.1.1}{\376\377\000P\000o\000w\000e\000r}{section.4.1}% 20
\BOOKMARK [2][-]{subsection.4.1.2}{\376\377\000C\000a\000s\000s\000e\000t\000t\000e\000\040\000I\000n\000t\000e\000r\000f\000a\000c\000e}{section.4.1}% 21
\BOOKMARK [2][-]{subsection.4.1.3}{\376\377\000S\000e\000r\000i\000a\000l\000\040\000T\000e\000r\000m\000i\000n\000a\000l}{section.4.1}% 22
